<?xml version="1.0" encoding="UTF-8"?>
<!-- Generated by org.testng.reporters.JUnitXMLReporter -->
<testsuite hostname="user-PC" ignored="0" name="Default test" tests="5" failures="0" timestamp="19 Dec 2018 03:17:59 GMT" time="0.228" errors="0">
  <testcase name="tst2" time="0.059" classname="TestNGDemo.Annotations2"/>
  <testcase name="tst4" time="0.006" classname="TestNGDemo.Annotations2"/>
  <testcase name="tst3" time="0.006" classname="TestNGDemo.Annotations2"/>
  <testcase name="tst1" time="0.04" classname="TestNGDemo.Annotations2"/>
  <testcase name="tst5" time="0.012" classname="TestNGDemo.Annotations2"/>
</testsuite> <!-- Default test -->
